0 info it worked if it ends with ok
1 verbose cli [ '/usr/bin/nodejs', '/usr/bin/npm', 'install', '-g', 'n' ]
2 info using npm@3.8.3
3 info using node@v5.10.1
4 silly loadCurrentTree Starting
5 silly install loadCurrentTree
6 silly install readGlobalPackageData
7 silly fetchPackageMetaData n
8 silly fetchNamedPackageData n
9 silly mapToRegistry name n
10 silly mapToRegistry using default registry
11 silly mapToRegistry registry https://registry.npmjs.org/
12 silly mapToRegistry data Result {
12 silly mapToRegistry   raw: 'n',
12 silly mapToRegistry   scope: null,
12 silly mapToRegistry   name: 'n',
12 silly mapToRegistry   rawSpec: '',
12 silly mapToRegistry   spec: 'latest',
12 silly mapToRegistry   type: 'tag' }
13 silly mapToRegistry uri https://registry.npmjs.org/n
14 verbose request uri https://registry.npmjs.org/n
15 verbose request no auth needed
16 info attempt registry request try #1 at 22:24:16
17 verbose request id c6cf96ee1f04c0c9
18 http request GET https://registry.npmjs.org/n
19 http 200 https://registry.npmjs.org/n
20 verbose headers { server: 'CouchDB/1.5.0 (Erlang OTP/R16B03)',
20 verbose headers   etag: '"DRKV01WASHLH51N7LEJCYK1MP"',
20 verbose headers   'content-type': 'application/json',
20 verbose headers   'content-encoding': 'gzip',
20 verbose headers   'cache-control': 'max-age=300',
20 verbose headers   'content-length': '10660',
20 verbose headers   'accept-ranges': 'bytes',
20 verbose headers   date: 'Fri, 10 Jun 2016 02:24:31 GMT',
20 verbose headers   via: '1.1 varnish',
20 verbose headers   age: '0',
20 verbose headers   connection: 'keep-alive',
20 verbose headers   'x-served-by': 'cache-iad2132-IAD',
20 verbose headers   'x-cache': 'HIT',
20 verbose headers   'x-cache-hits': '1',
20 verbose headers   'x-timer': 'S1465525471.606484,VS0,VE389',
20 verbose headers   vary: 'Accept-Encoding' }
21 silly get cb [ 200,
21 silly get   { server: 'CouchDB/1.5.0 (Erlang OTP/R16B03)',
21 silly get     etag: '"DRKV01WASHLH51N7LEJCYK1MP"',
21 silly get     'content-type': 'application/json',
21 silly get     'content-encoding': 'gzip',
21 silly get     'cache-control': 'max-age=300',
21 silly get     'content-length': '10660',
21 silly get     'accept-ranges': 'bytes',
21 silly get     date: 'Fri, 10 Jun 2016 02:24:31 GMT',
21 silly get     via: '1.1 varnish',
21 silly get     age: '0',
21 silly get     connection: 'keep-alive',
21 silly get     'x-served-by': 'cache-iad2132-IAD',
21 silly get     'x-cache': 'HIT',
21 silly get     'x-cache-hits': '1',
21 silly get     'x-timer': 'S1465525471.606484,VS0,VE389',
21 silly get     vary: 'Accept-Encoding' } ]
22 verbose get saving n to /home/antoniomejas/.npm/registry.npmjs.org/n/.cache.json
23 verbose correctMkdir /home/antoniomejas/.npm correctMkdir not in flight; initializing
24 silly install normalizeTree
25 silly loadCurrentTree Finishing
26 silly loadIdealTree Starting
27 silly install loadIdealTree
28 silly cloneCurrentTree Starting
29 silly install cloneCurrentTreeToIdealTree
30 silly cloneCurrentTree Finishing
31 silly loadShrinkwrap Starting
32 silly install loadShrinkwrap
33 silly loadShrinkwrap Finishing
34 silly loadAllDepsIntoIdealTree Starting
35 silly install loadAllDepsIntoIdealTree
36 silly resolveWithNewModule n@2.1.0 checking installable status
37 silly cache add args [ 'n', null ]
38 verbose cache add spec n
39 silly cache add parsed spec Result {
39 silly cache add   raw: 'n',
39 silly cache add   scope: null,
39 silly cache add   name: 'n',
39 silly cache add   rawSpec: '',
39 silly cache add   spec: 'latest',
39 silly cache add   type: 'tag' }
40 silly addNamed n@latest
41 verbose addNamed "latest" is being treated as a dist-tag for n
42 info addNameTag [ 'n', 'latest' ]
43 silly mapToRegistry name n
44 silly mapToRegistry using default registry
45 silly mapToRegistry registry https://registry.npmjs.org/
46 silly mapToRegistry data Result {
46 silly mapToRegistry   raw: 'n',
46 silly mapToRegistry   scope: null,
46 silly mapToRegistry   name: 'n',
46 silly mapToRegistry   rawSpec: '',
46 silly mapToRegistry   spec: 'latest',
46 silly mapToRegistry   type: 'tag' }
47 silly mapToRegistry uri https://registry.npmjs.org/n
48 verbose addNameTag registry:https://registry.npmjs.org/n not in flight; fetching
49 verbose get https://registry.npmjs.org/n not expired, no request
50 silly addNameTag next cb for n with tag latest
51 silly addNamed n@2.1.0
52 verbose addNamed "2.1.0" is a plain semver version for n
53 silly mapToRegistry name n
54 silly mapToRegistry using default registry
55 silly mapToRegistry registry https://registry.npmjs.org/
56 silly mapToRegistry data Result {
56 silly mapToRegistry   raw: 'n',
56 silly mapToRegistry   scope: null,
56 silly mapToRegistry   name: 'n',
56 silly mapToRegistry   rawSpec: '',
56 silly mapToRegistry   spec: 'latest',
56 silly mapToRegistry   type: 'tag' }
57 silly mapToRegistry uri https://registry.npmjs.org/n
58 verbose addRemoteTarball https://registry.npmjs.org/n/-/n-2.1.0.tgz not in flight; adding
59 verbose addRemoteTarball [ 'https://registry.npmjs.org/n/-/n-2.1.0.tgz',
59 verbose addRemoteTarball   '4fc736dc18291e464c79fda9ef8faf21e6e1a679' ]
60 info retry fetch attempt 1 at 22:24:17
61 info attempt registry request try #1 at 22:24:17
62 http fetch GET https://registry.npmjs.org/n/-/n-2.1.0.tgz
63 http fetch 200 https://registry.npmjs.org/n/-/n-2.1.0.tgz
64 silly fetchAndShaCheck shasum 4fc736dc18291e464c79fda9ef8faf21e6e1a679
65 verbose addTmpTarball /tmp/npm-6150-0fb16f73/registry.npmjs.org/n/-/n-2.1.0.tgz not in flight; adding
66 verbose addTmpTarball already have metadata; skipping unpack for n@2.1.0
67 verbose correctMkdir /home/antoniomejas/.npm correctMkdir not in flight; initializing
68 silly cache afterAdd n@2.1.0
69 verbose afterAdd /home/antoniomejas/.npm/n/2.1.0/package/package.json not in flight; writing
70 verbose correctMkdir /home/antoniomejas/.npm correctMkdir not in flight; initializing
71 verbose afterAdd /home/antoniomejas/.npm/n/2.1.0/package/package.json written
72 silly loadAllDepsIntoIdealTree Finishing
73 silly idealTree:prePrune lib
73 silly idealTree:prePrune └── n@2.1.0
74 silly loadIdealTree Finishing
75 silly currentTree lib
76 silly idealTree lib
76 silly idealTree └── n@2.1.0
77 silly generateActionsToTake Starting
78 silly install generateActionsToTake
79 warn checkPermissions Missing write access to /usr/lib/node_modules
80 silly rollbackFailedOptional Starting
81 silly rollbackFailedOptional Finishing
82 silly runTopLevelLifecycles Starting
83 silly runTopLevelLifecycles Finishing
84 silly install printInstalled
85 verbose stack Error: EACCES: permission denied, access '/usr/lib/node_modules'
85 verbose stack     at Error (native)
86 verbose cwd /home/antoniomejas/Escritorio/lilotech
87 error Linux 4.2.0-27-generic
88 error argv "/usr/bin/nodejs" "/usr/bin/npm" "install" "-g" "n"
89 error node v5.10.1
90 error npm  v3.8.3
91 error path /usr/lib/node_modules
92 error code EACCES
93 error errno -13
94 error syscall access
95 error Error: EACCES: permission denied, access '/usr/lib/node_modules'
95 error     at Error (native)
95 error  { [Error: EACCES: permission denied, access '/usr/lib/node_modules']
95 error   errno: -13,
95 error   code: 'EACCES',
95 error   syscall: 'access',
95 error   path: '/usr/lib/node_modules' }
96 error Please try running this command again as root/Administrator.
97 verbose exit [ -13, true ]
